<?xml version="1.0" encoding="UTF-8"?>
<testng-results ignored="0" total="1" passed="1" failed="0" skipped="0">
  <reporter-output>
  </reporter-output>
  <suite started-at="2021-08-01T15:44:07 IST" name="Default suite" finished-at="2021-08-01T15:44:12 IST" duration-ms="5342">
    <groups>
    </groups>
    <test started-at="2021-08-01T15:44:07 IST" name="Default test" finished-at="2021-08-01T15:44:12 IST" duration-ms="5342">
      <class name="PageTestClasses.LoginPageTest">
        <test-method signature="loginPageMethodExecution()[pri:0, instance:PageTestClasses.LoginPageTest@568ff82]" started-at="2021-08-01T15:44:07 IST" name="loginPageMethodExecution" finished-at="2021-08-01T15:44:12 IST" duration-ms="5304" status="PASS">
          <reporter-output>
          </reporter-output>
        </test-method> <!-- loginPageMethodExecution -->
      </class> <!-- PageTestClasses.LoginPageTest -->
    </test> <!-- Default test -->
  </suite> <!-- Default suite -->
</testng-results>
